2024.05.31 17:05:21 INFO  Started: Metals version 1.3.1 in folders '/home/ivean/snax_cluster' for client Visual Studio Code 1.89.1.[0m
SLF4J(W): Class path contains multiple SLF4J providers.
SLF4J(W): Found provider [scribe.slf4j.ScribeServiceProvider@57fcadee]
SLF4J(W): Found provider [ch.qos.logback.classic.spi.LogbackServiceProvider@572b3a46]
SLF4J(W): See https://www.slf4j.org/codes.html#multiple_bindings for an explanation.
SLF4J(I): Actual provider is of type [scribe.slf4j.ScribeServiceProvider@57fcadee]
2024.05.31 17:05:22 WARN  Flyway upgrade recommended: H2 2.2.224 is newer than this version of Flyway and support has not been tested. The latest supported version of H2 is 2.2.220.[0m
2024.05.31 17:05:22 WARN  no build tool detected in workspace '/home/ivean/snax_cluster'. The most common cause for this problem is that the editor was opened in the wrong working directory, for example if you use sbt then the workspace directory should contain build.sbt. [0m
2024.05.31 17:05:22 WARN  Build server is not auto-connectable.[0m
May 31, 2024 5:05:23 PM org.eclipse.lsp4j.jsonrpc.services.GenericEndpoint notify
INFO: Unsupported notification method: $/setTrace
2024.05.31 17:05:29 INFO  no build target found for /home/ivean/snax_cluster/hw/chisel/src/main/scala/snax/xdma/designParams/designParam.scala. Using presentation compiler with project's scala-library version: 3.3.3[0m
2024.05.31 17:05:30 INFO  no build target found for /home/ivean/snax_cluster/hw/chisel/src/main/scala/snax/xdma/designParams/designParam.scala. Using presentation compiler with project's scala-library version: 3.3.3[0m
2024.05.31 17:05:30 INFO  no build target found for /home/ivean/snax_cluster/hw/chisel/src/main/scala/snax/xdma/designParams/designParam.scala. Using presentation compiler with project's scala-library version: 3.3.3[0m
2024.05.31 17:05:32 INFO  no build target found for /home/ivean/snax_cluster/hw/chisel/src/main/scala/snax/xdma/xdmaFrontend/DMACtrl.scala. Using presentation compiler with project's scala-library version: 3.3.3[0m
2024.05.31 17:05:32 INFO  no build target found for /home/ivean/snax_cluster/hw/chisel/src/main/scala/snax/xdma/xdmaFrontend/DMACtrl.scala. Using presentation compiler with project's scala-library version: 3.3.3[0m
2024.05.31 17:05:32 INFO  no build target found for /home/ivean/snax_cluster/hw/chisel/src/main/scala/snax/xdma/xdmaFrontend/DMACtrl.scala. Using presentation compiler with project's scala-library version: 3.3.3[0m
2024.05.31 17:05:32 INFO  no build target found for /home/ivean/snax_cluster/hw/chisel/src/main/scala/snax/xdma/xdmaFrontend/DMADataPath.scala. Using presentation compiler with project's scala-library version: 3.3.3[0m
2024.05.31 17:05:33 INFO  no build target found for /home/ivean/snax_cluster/hw/chisel/src/main/scala/snax/xdma/xdmaFrontend/DMADataPath.scala. Using presentation compiler with project's scala-library version: 3.3.3[0m
2024.05.31 17:05:33 INFO  no build target found for /home/ivean/snax_cluster/hw/chisel/src/main/scala/snax/xdma/xdmaFrontend/DMADataPath.scala. Using presentation compiler with project's scala-library version: 3.3.3[0m
2024.05.31 17:05:33 INFO  no build target found for /home/ivean/snax_cluster/hw/chisel/src/main/scala/snax/xdma/xdmaFrontend/DMAExtension.scala. Using presentation compiler with project's scala-library version: 3.3.3[0m
2024.05.31 17:05:33 INFO  no build target found for /home/ivean/snax_cluster/hw/chisel/src/main/scala/snax/xdma/xdmaFrontend/DMAExtension.scala. Using presentation compiler with project's scala-library version: 3.3.3[0m
2024.05.31 17:05:35 INFO  no build target found for /home/ivean/snax_cluster/hw/chisel/src/main/scala/snax/xdma/xdmaFrontend/DMAExtension.scala. Using presentation compiler with project's scala-library version: 3.3.3[0m
2024.05.31 17:05:35 INFO  no build target found for /home/ivean/snax_cluster/hw/chisel/src/main/scala/snax/xdma/xdmaFrontend/DMAExtension.scala. Using presentation compiler with project's scala-library version: 3.3.3[0m
2024.05.31 17:05:37 INFO  no build target found for /home/ivean/snax_cluster/hw/chisel/src/main/scala/snax/xdma/xdmaFrontend/DMAExtension.scala. Using presentation compiler with project's scala-library version: 3.3.3[0m
2024.05.31 17:05:37 INFO  no build target found for /home/ivean/snax_cluster/hw/chisel/src/main/scala/snax/xdma/xdmaFrontend/DMAExtension.scala. Using presentation compiler with project's scala-library version: 3.3.3[0m
